[11:37:57] [main/INFO]: Environment: authHost='https://authserver.mojang.com', accountsHost='https://api.mojang.com', sessionHost='https://sessionserver.mojang.com', servicesHost='https://api.minecraftservices.com', name='PROD'
[11:37:58] [main/WARN]: Ambiguity between arguments [teleport, destination] and [teleport, targets] with inputs: [Player, 0123, @e, dd12be42-52a9-4a91-a8a1-11c01849e498]
[11:37:58] [main/WARN]: Ambiguity between arguments [teleport, location] and [teleport, destination] with inputs: [0.1 -0.5 .9, 0 0 0]
[11:37:58] [main/WARN]: Ambiguity between arguments [teleport, location] and [teleport, targets] with inputs: [0.1 -0.5 .9, 0 0 0]
[11:37:58] [main/WARN]: Ambiguity between arguments [teleport, targets] and [teleport, destination] with inputs: [Player, 0123, dd12be42-52a9-4a91-a8a1-11c01849e498]
[11:37:58] [main/WARN]: Ambiguity between arguments [teleport, targets, location] and [teleport, targets, destination] with inputs: [0.1 -0.5 .9, 0 0 0]
[11:37:58] [main/INFO]: Reloading ResourceManager: Default
[11:37:59] [Worker-Main-12/INFO]: Loaded 7 recipes
[11:38:00] [Worker-Main-12/INFO]: Loaded 927 advancements
[11:38:02] [Server thread/INFO]: Starting minecraft server version 1.16.5
[11:38:02] [Server thread/INFO]: Loading properties
[11:38:02] [Server thread/INFO]: Default game type: SURVIVAL
[11:38:02] [Server thread/INFO]: Generating keypair
[11:38:02] [Server thread/INFO]: Starting Minecraft server on 0.0.0.0:25565
[11:38:02] [Server thread/INFO]: Using epoll channel type
[11:38:03] [Server thread/INFO]: Preparing level "world"
[11:38:11] [Server thread/INFO]: Preparing start region for dimension minecraft:overworld
[11:38:11] [Worker-Main-14/INFO]: Preparing spawn area: 0%
[11:38:11] [Worker-Main-8/INFO]: Preparing spawn area: 0%
[11:38:12] [Worker-Main-12/INFO]: Preparing spawn area: 0%
[11:38:13] [Worker-Main-12/INFO]: Preparing spawn area: 0%
[11:38:13] [Worker-Main-12/INFO]: Preparing spawn area: 0%
[11:38:13] [Worker-Main-11/INFO]: Preparing spawn area: 0%
[11:38:14] [Worker-Main-8/INFO]: Preparing spawn area: 0%
[11:38:14] [Worker-Main-11/INFO]: Preparing spawn area: 0%
[11:38:15] [Worker-Main-14/INFO]: Preparing spawn area: 0%
[11:38:15] [Worker-Main-10/INFO]: Preparing spawn area: 1%
[11:38:16] [Worker-Main-14/INFO]: Preparing spawn area: 4%
[11:38:16] [Worker-Main-9/INFO]: Preparing spawn area: 5%
[11:38:17] [Worker-Main-8/INFO]: Preparing spawn area: 6%
[11:38:17] [Worker-Main-14/INFO]: Preparing spawn area: 8%
[11:38:18] [Worker-Main-13/INFO]: Preparing spawn area: 8%
[11:38:18] [Worker-Main-9/INFO]: Preparing spawn area: 10%
[11:38:20] [Worker-Main-8/INFO]: Preparing spawn area: 10%
[11:38:20] [Worker-Main-9/INFO]: Preparing spawn area: 10%
[11:38:20] [Worker-Main-12/INFO]: Preparing spawn area: 14%
[11:38:20] [Worker-Main-11/INFO]: Preparing spawn area: 14%
[11:38:21] [Worker-Main-8/INFO]: Preparing spawn area: 14%
[11:38:21] [Worker-Main-8/INFO]: Preparing spawn area: 14%
[11:38:22] [Worker-Main-11/INFO]: Preparing spawn area: 14%
[11:38:22] [Worker-Main-12/INFO]: Preparing spawn area: 14%
[11:38:23] [Worker-Main-14/INFO]: Preparing spawn area: 22%
[11:38:23] [Worker-Main-13/INFO]: Preparing spawn area: 23%
[11:38:24] [Worker-Main-10/INFO]: Preparing spawn area: 25%
[11:38:24] [Worker-Main-13/INFO]: Preparing spawn area: 26%
[11:38:25] [Worker-Main-8/INFO]: Preparing spawn area: 26%
[11:38:26] [Worker-Main-10/INFO]: Preparing spawn area: 26%
[11:38:26] [Worker-Main-14/INFO]: Preparing spawn area: 26%
[11:38:26] [Worker-Main-9/INFO]: Preparing spawn area: 32%
[11:38:27] [Worker-Main-11/INFO]: Preparing spawn area: 32%
[11:38:28] [Worker-Main-12/INFO]: Preparing spawn area: 32%
[11:38:28] [Worker-Main-12/INFO]: Preparing spawn area: 32%
[11:38:29] [Worker-Main-13/INFO]: Preparing spawn area: 42%
[11:38:29] [Worker-Main-8/INFO]: Preparing spawn area: 44%
[11:38:29] [Worker-Main-11/INFO]: Preparing spawn area: 46%
[11:38:30] [Worker-Main-9/INFO]: Preparing spawn area: 48%
[11:38:31] [Worker-Main-9/INFO]: Preparing spawn area: 51%
[11:38:31] [Worker-Main-12/INFO]: Preparing spawn area: 54%
[11:38:32] [Worker-Main-13/INFO]: Preparing spawn area: 55%
[11:38:32] [Worker-Main-9/INFO]: Preparing spawn area: 58%
[11:38:32] [Worker-Main-10/INFO]: Preparing spawn area: 59%
[11:38:33] [Worker-Main-9/INFO]: Preparing spawn area: 61%
[11:38:33] [Worker-Main-10/INFO]: Preparing spawn area: 64%
[11:38:34] [Worker-Main-12/INFO]: Preparing spawn area: 65%
[11:38:34] [Worker-Main-12/INFO]: Preparing spawn area: 68%
[11:38:35] [Worker-Main-14/INFO]: Preparing spawn area: 70%
[11:38:36] [Worker-Main-10/INFO]: Preparing spawn area: 71%
[11:38:36] [Worker-Main-8/INFO]: Preparing spawn area: 71%
[11:38:37] [Worker-Main-14/INFO]: Preparing spawn area: 78%
[11:38:37] [Worker-Main-10/INFO]: Preparing spawn area: 81%
[11:38:37] [Worker-Main-10/INFO]: Preparing spawn area: 83%
[11:38:38] [Worker-Main-14/INFO]: Preparing spawn area: 85%
[11:38:38] [Worker-Main-13/INFO]: Preparing spawn area: 87%
[11:38:39] [Worker-Main-10/INFO]: Preparing spawn area: 90%
[11:38:39] [Worker-Main-13/INFO]: Preparing spawn area: 93%
[11:38:40] [Worker-Main-13/INFO]: Preparing spawn area: 96%
[11:38:40] [Server thread/INFO]: Time elapsed: 29483 ms
[11:38:40] [Server thread/INFO]: Done (37.762s)! For help, type "help"
[11:39:12] [Server thread/INFO]: Stopping the server
[11:39:12] [Server thread/INFO]: Stopping server
[11:39:12] [Server thread/INFO]: Saving players
[11:39:12] [Server thread/INFO]: Saving worlds
[11:39:12] [Server thread/INFO]: Saving chunks for level 'ServerLevel[world]'/minecraft:overworld
[11:39:14] [Server thread/INFO]: ThreadedAnvilChunkStorage (world): All chunks are saved
[11:39:14] [Server thread/INFO]: Saving chunks for level 'ServerLevel[world]'/minecraft:the_nether
[11:39:14] [Server thread/INFO]: ThreadedAnvilChunkStorage (DIM-1): All chunks are saved
[11:39:14] [Server thread/INFO]: Saving chunks for level 'ServerLevel[world]'/minecraft:the_end
[11:39:14] [Server thread/INFO]: ThreadedAnvilChunkStorage (DIM1): All chunks are saved
[11:39:14] [Server thread/INFO]: ThreadedAnvilChunkStorage (world): All chunks are saved
[11:39:14] [Server thread/INFO]: ThreadedAnvilChunkStorage (DIM-1): All chunks are saved
[11:39:14] [Server thread/INFO]: ThreadedAnvilChunkStorage (DIM1): All chunks are saved
