[15:23:25] [User Authenticator #1/INFO]: UUID of player lavender0810 is 5f45eb8f-b3d1-4683-b22d-b998acf63d7e
[15:23:25] [Server thread/INFO]: lavender0810[/1.34.43.184:55158] logged in with entity id 218 at (24.704471252857246, 75.0, 13.3040359789857)
[15:23:25] [Server thread/INFO]: lavender0810 joined the game
[15:23:59] [Server thread/INFO]: Made lavender0810 a server operator
[15:24:01] [Server thread/INFO]: [lavender0810: Set own game mode to Creative Mode]
[15:24:08] [Server thread/INFO]: [lavender0810: Set the time to 1000]
[15:24:14] [Server thread/INFO]: lavender0810 fell out of the world
[15:24:15] [Server thread/INFO]: [lavender0810: Killed lavender0810]
[15:25:03] [Server thread/INFO]: [lavender0810: Successfully filled 8820 blocks]
[15:25:23] [Server thread/INFO]: [lavender0810: Successfully filled 564 blocks]
[15:25:41] [Server thread/INFO]: [lavender0810: Gamerule doMobSpawning is now set to: false]
[15:25:44] [Server thread/INFO]: lavender0810 fell out of the world
[15:25:44] [Server thread/INFO]: [lavender0810: Killed 198 entities]
[15:25:46] [Server thread/INFO]: lavender0810 fell out of the world
[15:25:46] [Server thread/INFO]: [lavender0810: Killed 178 entities]
[15:25:49] [Server thread/INFO]: lavender0810 fell out of the world
[15:25:49] [Server thread/INFO]: [lavender0810: Killed lavender0810]
[15:25:56] [Server thread/INFO]: lavender0810 fell out of the world
[15:25:56] [Server thread/INFO]: [lavender0810: Killed 2 entities]
[15:26:06] [Server thread/INFO]: lavender0810 fell out of the world
[15:26:06] [Server thread/INFO]: [lavender0810: Killed lavender0810]
[15:27:34] [Server thread/INFO]: lavender0810 fell out of the world
[15:27:34] [Server thread/INFO]: [lavender0810: Killed 3 entities]
[15:34:55] [Server thread/INFO]: [lavender0810: Set the time to 1000]
[15:35:57] [Server thread/INFO]: lavender0810 has reached the goal [Sky's the Limit]
[15:37:19] [Server thread/WARN]: lavender0810 moved too quickly! -0.5309973502616003,-5.33671043452577,-18.036837828512034
[15:37:30] [Server thread/INFO]: [lavender0810: Gamerule keepInventory is now set to: true]
[15:37:32] [Server thread/INFO]: lavender0810 fell out of the world
[15:37:32] [Server thread/INFO]: [lavender0810: Killed lavender0810]
[15:43:08] [Server thread/INFO]: [lavender0810: Teleported lavender0810 to 3072.5, 90.99045772394751, 5648.5]
[15:43:37] [Server thread/INFO]: [lavender0810: Teleported lavender0810 to 2672.5, 90.99045772394751, 5184.5]
[15:43:40] [Server thread/WARN]: Can't keep up! Is the server overloaded? Running 2506ms or 50 ticks behind
[15:44:31] [Server thread/INFO]: lavender0810 fell out of the world
[15:44:31] [Server thread/INFO]: [lavender0810: Killed lavender0810]
[15:53:29] [Server thread/INFO]: [lavender0810: Set the world spawn point to -78, 69, -9 [0.0]]
[15:56:57] [Server thread/INFO]: [lavender0810: Gamerule spawnRadius is now set to: 1]
[15:57:03] [Server thread/INFO]: lavender0810 fell out of the world
[15:57:03] [Server thread/INFO]: [lavender0810: Killed lavender0810]
[15:58:24] [User Authenticator #2/INFO]: UUID of player Zero_LZ_822 is 07973a9c-d47c-47fc-ad92-016d4ebea7b9
[15:58:24] [Server thread/INFO]: Zero_LZ_822[/123.193.194.42:57235] logged in with entity id 2963 at (-77.5, 70.0, -8.5)
[15:58:24] [Server thread/INFO]: Zero_LZ_822 joined the game
[15:58:46] [Server thread/INFO]: [lavender0810: Set Zero_LZ_822's game mode to Creative Mode]
[15:59:59] [Server thread/INFO]: [lavender0810: Made Zero_LZ_822 a server operator]
[16:04:59] [Server thread/INFO]: [lavender0810: Set the time to 1000]
[16:05:40] [Server thread/WARN]: Zero_LZ_822 moved too quickly! 0.34320014058668846,3.0409013432345517,9.79157724797858
[16:08:06] [Server thread/INFO]: <lavender0810> -83 63 386
[16:08:24] [Server thread/INFO]: lavender0810 fell out of the world
[16:08:24] [Server thread/INFO]: Zero_LZ_822 fell out of the world
[16:08:24] [Server thread/INFO]: [lavender0810: Killed 2 entities]
[16:14:51] [Server thread/INFO]: <Zero_LZ_822> -360 71 34
[16:15:16] [Server thread/INFO]: [lavender0810: Set own game mode to Spectator Mode]
[16:15:40] [Server thread/INFO]: [lavender0810: Set the time to 1000]
[16:15:47] [Server thread/INFO]: [lavender0810: Set own game mode to Creative Mode]
[16:16:20] [Server thread/INFO]: <Zero_LZ_822> -233 68 167
[16:16:28] [Server thread/INFO]: Zero_LZ_822 fell out of the world
[16:16:28] [Server thread/INFO]: [Zero_LZ_822: Killed Zero_LZ_822]
[16:17:13] [Server thread/INFO]: lavender0810 fell out of the world
[16:17:13] [Server thread/INFO]: [lavender0810: Killed lavender0810]
[16:17:22] [Server thread/WARN]: lavender0810 moved too quickly! -7.846367810089461,0.0,-6.2519792390978015
[16:19:46] [Server thread/INFO]: lavender0810 fell out of the world
[16:19:46] [Server thread/INFO]: [lavender0810: Killed lavender0810]
[16:21:07] [Server thread/INFO]: lavender0810 fell out of the world
[16:21:07] [Server thread/INFO]: [lavender0810: Killed lavender0810]
[16:23:02] [Server thread/INFO]: <Zero_LZ_822> 148 79 -63
[16:23:09] [Server thread/INFO]: Zero_LZ_822 fell out of the world
[16:23:09] [Server thread/INFO]: [Zero_LZ_822: Killed Zero_LZ_822]
[16:23:20] [Server thread/INFO]: lavender0810 fell out of the world
[16:23:20] [Server thread/INFO]: [lavender0810: Killed lavender0810]
[16:25:47] [Server thread/INFO]: [lavender0810: Set the time to 1000]
[16:26:08] [Server thread/INFO]: lavender0810 fell out of the world
[16:26:08] [Server thread/INFO]: [lavender0810: Killed lavender0810]
[16:26:23] [Server thread/INFO]: <Zero_LZ_822> -69 62 -679
[16:26:30] [Server thread/INFO]: Zero_LZ_822 fell out of the world
[16:26:30] [Server thread/INFO]: [Zero_LZ_822: Killed Zero_LZ_822]
[16:27:24] [Server thread/WARN]: Can't keep up! Is the server overloaded? Running 2956ms or 59 ticks behind
[16:28:52] [Server thread/INFO]: lavender0810 fell out of the world
[16:28:52] [Server thread/INFO]: [lavender0810: Killed lavender0810]
[16:29:23] [Server thread/INFO]: [lavender0810: Set the weather to clear]
[16:29:24] [Server thread/INFO]: Zero_LZ_822 fell out of the world
[16:29:24] [Server thread/INFO]: [Zero_LZ_822: Killed Zero_LZ_822]
[16:34:27] [Server thread/INFO]: [lavender0810: Set the weather to clear]
[16:39:31] [Server thread/INFO]: [lavender0810: Set the weather to clear]
[16:45:45] [Server thread/INFO]: [lavender0810: Set the weather to clear]
[16:52:26] [Server thread/INFO]: [lavender0810: Killed 8 entities]
[16:53:04] [Server thread/INFO]: [lavender0810: Set own game mode to Spectator Mode]
[16:53:07] [Server thread/INFO]: [lavender0810: Set own game mode to Creative Mode]
[16:53:35] [Server thread/INFO]: [lavender0810: Killed 26 entities]
[16:55:50] [Server thread/INFO]: [lavender0810: Set own game mode to Spectator Mode]
[16:55:52] [Server thread/INFO]: [lavender0810: Set own game mode to Survival Mode]
[16:55:56] [Server thread/INFO]: [lavender0810: Set own game mode to Creative Mode]
[16:56:10] [Server thread/INFO]: [lavender0810: Set own game mode to Spectator Mode]
[16:56:12] [Server thread/INFO]: [lavender0810: Set own game mode to Creative Mode]
[16:56:20] [Server thread/INFO]: [lavender0810: Set own game mode to Spectator Mode]
[16:56:21] [Server thread/INFO]: [lavender0810: Set own game mode to Creative Mode]
[16:56:32] [Server thread/INFO]: [lavender0810: Set own game mode to Spectator Mode]
[16:56:35] [Server thread/INFO]: [lavender0810: Set own game mode to Creative Mode]
[16:56:50] [Server thread/INFO]: [lavender0810: Killed 47 entities]
[16:56:58] [Server thread/INFO]: [lavender0810: Killed 10 entities]
[16:57:29] [Server thread/INFO]: [lavender0810: Set the weather to clear]
[16:57:32] [Server thread/INFO]: [lavender0810: Set the time to 1000]
[16:59:06] [Server thread/INFO]: [lavender0810: Successfully filled 65 blocks]
[16:59:09] [Server thread/INFO]: [lavender0810: Successfully filled 30 blocks]
[16:59:14] [Server thread/INFO]: [lavender0810: Successfully filled 30 blocks]
[16:59:16] [Server thread/INFO]: [lavender0810: Successfully filled 30 blocks]
[16:59:18] [Server thread/INFO]: [lavender0810: Successfully filled 30 blocks]
[16:59:27] [Server thread/INFO]: [lavender0810: Successfully filled 31 blocks]
[16:59:31] [Server thread/INFO]: [lavender0810: Successfully filled 30 blocks]
[16:59:35] [Server thread/INFO]: [lavender0810: Successfully filled 19 blocks]
[16:59:39] [Server thread/INFO]: [lavender0810: Successfully filled 30 blocks]
[16:59:45] [Server thread/INFO]: [lavender0810: Successfully filled 30 blocks]
[16:59:49] [Server thread/INFO]: [lavender0810: Successfully filled 18 blocks]
[17:00:04] [Server thread/INFO]: [lavender0810: Successfully filled 66 blocks]
[17:00:37] [Server thread/INFO]: [lavender0810: Successfully filled 32 blocks]
[17:00:42] [Server thread/INFO]: [lavender0810: Successfully filled 31 blocks]
[17:00:47] [Server thread/INFO]: [lavender0810: Successfully filled 30 blocks]
[17:00:51] [Server thread/INFO]: [lavender0810: Successfully filled 27 blocks]
[17:01:35] [Server thread/INFO]: [lavender0810: Successfully filled 30 blocks]
[17:01:41] [Server thread/INFO]: [lavender0810: Successfully filled 30 blocks]
[17:01:47] [Server thread/INFO]: [lavender0810: Successfully filled 19 blocks]
[17:03:10] [Server thread/INFO]: [lavender0810: Set the weather to clear]
[17:03:12] [Server thread/INFO]: [lavender0810: Set the time to 1000]
[17:04:33] [Server thread/INFO]: [lavender0810: Successfully filled 25 blocks]
[17:04:37] [Server thread/INFO]: [lavender0810: Successfully filled 25 blocks]
[17:04:40] [Server thread/INFO]: [lavender0810: Successfully filled 5 blocks]
[17:04:42] [Server thread/INFO]: [lavender0810: Successfully filled 10 blocks]
[17:04:44] [Server thread/INFO]: [lavender0810: Successfully filled 20 blocks]
[17:04:47] [Server thread/INFO]: [lavender0810: Successfully filled 10 blocks]
[17:04:51] [Server thread/INFO]: [lavender0810: Successfully filled 10 blocks]
[17:04:53] [Server thread/INFO]: [lavender0810: Successfully filled 15 blocks]
[17:04:55] [Server thread/INFO]: [lavender0810: Successfully filled 5 blocks]
[17:05:00] [Server thread/INFO]: [lavender0810: Successfully filled 9 blocks]
[17:05:03] [Server thread/INFO]: [lavender0810: Successfully filled 9 blocks]
[17:11:27] [Server thread/INFO]: [lavender0810: Set the weather to clear]
[17:23:09] [Server thread/INFO]: [lavender0810: Set the weather to clear]
[17:29:05] [Server thread/WARN]: Trying to add entity with duplicated UUID 21541c06-e77d-48ca-9ad7-ff6a10cb0ce9. Existing minecraft:armor_stand#4958, new: minecraft:armor_stand#4958
[17:29:16] [Server thread/WARN]: Trying to add entity with duplicated UUID cd0f94c1-4e5c-4607-979c-752fa25e0540. Existing minecraft:armor_stand#4959, new: minecraft:armor_stand#4959
[17:29:19] [Server thread/WARN]: Trying to add entity with duplicated UUID effa8900-1d90-4f75-a828-543f61f251d2. Existing minecraft:armor_stand#4960, new: minecraft:armor_stand#4960
[17:31:48] [Server thread/INFO]: [lavender0810: Set the weather to clear]
[17:36:05] [Server thread/INFO]: [lavender0810: Summoned new Villager]
[17:38:03] [Server thread/INFO]: [lavender0810: Summoned new Villager]
[17:38:20] [Server thread/INFO]: Villager bfj['馬荔'/4968, l='ServerLevel[world]', x=-65.50, y=70.00, z=-19.85] died, message: '馬荔 was slain by lavender0810'
[17:40:38] [Server thread/INFO]: Zero_LZ_822 has made the advancement [Acquire Hardware]
[17:44:09] [Server thread/INFO]: [Zero_LZ_822: Set the time to 1000]
[17:44:15] [Server thread/INFO]: [Zero_LZ_822: Set the weather to clear]
[17:44:30] [Server thread/INFO]: Zero_LZ_822 fell out of the world
[17:44:30] [Server thread/INFO]: [Zero_LZ_822: Killed Zero_LZ_822]
[17:45:04] [Server thread/INFO]: [Zero_LZ_822: Set the time to 13000]
[17:49:34] [Server thread/INFO]: Zero_LZ_822 has made the advancement [What a Deal!]
[18:04:17] [Server thread/INFO]: [lavender0810: Saved the game]
[18:07:03] [Server thread/INFO]: [Zero_LZ_822: Set the weather to clear]
[18:07:23] [Server thread/INFO]: [lavender0810: Gamerule doDaylightCycle is now set to: false]
[18:07:25] [Server thread/INFO]: [Zero_LZ_822: Set the time to 1000]
[18:07:40] [Server thread/INFO]: [lavender0810: Gamerule doWeatherCycle is now set to: false]
[18:08:47] [Server thread/INFO]: <Zero_LZ_822> -362 75 67
[18:10:21] [Server thread/INFO]: Zero_LZ_822 fell out of the world
[18:10:21] [Server thread/INFO]: [Zero_LZ_822: Killed Zero_LZ_822]
[18:10:47] [Server thread/INFO]: [Zero_LZ_822: Set spawn point to -77, 70, -9 [0.0] in minecraft:overworld for Zero_LZ_822]
[18:11:00] [Server thread/INFO]: lavender0810 fell out of the world
[18:11:00] [Server thread/INFO]: [lavender0810: Killed lavender0810]
[18:11:09] [Server thread/INFO]: [lavender0810: Set own game mode to Spectator Mode]
[18:11:12] [Server thread/INFO]: [lavender0810: Set own game mode to Creative Mode]
[18:11:42] [Server thread/INFO]: [lavender0810: Set the world spawn point to -79, 73, -8 [0.0]]
[18:11:45] [Server thread/INFO]: lavender0810 fell out of the world
[18:11:45] [Server thread/INFO]: [lavender0810: Killed lavender0810]
[18:11:49] [Server thread/INFO]: [lavender0810: Set own game mode to Spectator Mode]
[18:12:03] [Server thread/INFO]: [lavender0810: Set own game mode to Creative Mode]
[18:12:57] [Server thread/INFO]: [Zero_LZ_822: Set spawn point to 15, 68, 78 [0.0] in minecraft:overworld for Zero_LZ_822]
[18:12:59] [Server thread/INFO]: Zero_LZ_822 fell out of the world
[18:12:59] [Server thread/INFO]: [Zero_LZ_822: Killed Zero_LZ_822]
[18:13:09] [Server thread/INFO]: [lavender0810: Set the world spawn point to -79, 71, -6 [0.0]]
[18:13:19] [Server thread/INFO]: [Zero_LZ_822: Teleported Zero_LZ_822 to lavender0810]
[18:13:33] [Server thread/INFO]: [Zero_LZ_822: Set spawn point to -79, 71, -6 [0.0] in minecraft:overworld for Zero_LZ_822]
[18:13:37] [Server thread/INFO]: Zero_LZ_822 fell out of the world
[18:13:37] [Server thread/INFO]: [Zero_LZ_822: Killed Zero_LZ_822]
[18:13:56] [Server thread/INFO]: lavender0810 fell out of the world
[18:13:56] [Server thread/INFO]: [lavender0810: Killed lavender0810]
[18:14:00] [Server thread/INFO]: [lavender0810: Set own game mode to Spectator Mode]
[18:14:02] [Server thread/INFO]: [lavender0810: Set own game mode to Creative Mode]
[18:14:08] [Server thread/INFO]: [lavender0810: Set the world spawn point to -79, 71, -6 [0.0]]
[18:14:11] [Server thread/INFO]: lavender0810 fell out of the world
[18:14:11] [Server thread/INFO]: [lavender0810: Killed lavender0810]
[18:14:20] [Server thread/INFO]: lavender0810 fell out of the world
[18:14:20] [Server thread/INFO]: [lavender0810: Killed lavender0810]
[18:14:27] [Server thread/INFO]: lavender0810 fell out of the world
[18:14:27] [Server thread/INFO]: [lavender0810: Killed lavender0810]
[18:14:36] [Server thread/INFO]: [lavender0810: Set own game mode to Spectator Mode]
[18:14:38] [Server thread/INFO]: [lavender0810: Set own game mode to Survival Mode]
[18:14:39] [Server thread/INFO]: [lavender0810: Set own game mode to Creative Mode]
[18:15:49] [Server thread/INFO]: [lavender0810: Set the world spawn point to -79, 75, -6 [0.0]]
[18:15:51] [Server thread/INFO]: lavender0810 fell out of the world
[18:15:51] [Server thread/INFO]: [lavender0810: Killed lavender0810]
[18:15:54] [Server thread/INFO]: [lavender0810: Set own game mode to Spectator Mode]
[18:16:00] [Server thread/INFO]: [lavender0810: Set own game mode to Creative Mode]
[18:16:18] [Server thread/INFO]: [lavender0810: Set own game mode to Spectator Mode]
[18:16:23] [Server thread/INFO]: [lavender0810: Set the world spawn point to -85, 68, 0 [0.0]]
[18:16:24] [Server thread/INFO]: [lavender0810: Set own game mode to Creative Mode]
[18:16:26] [Server thread/INFO]: lavender0810 fell out of the world
[18:16:26] [Server thread/INFO]: [lavender0810: Killed lavender0810]
[18:18:19] [Server thread/INFO]: <Zero_LZ_822> -206 68 128
[18:18:28] [Server thread/INFO]: Zero_LZ_822 fell out of the world
[18:18:28] [Server thread/INFO]: [Zero_LZ_822: Killed Zero_LZ_822]
[18:19:05] [Server thread/INFO]: lavender0810 fell out of the world
[18:19:05] [Server thread/INFO]: [lavender0810: Killed lavender0810]
[18:19:07] [Server thread/INFO]: Zero_LZ_822 fell out of the world
[18:19:07] [Server thread/INFO]: [Zero_LZ_822: Killed Zero_LZ_822]
[18:22:48] [Server thread/INFO]: lavender0810 fell out of the world
[18:22:48] [Server thread/INFO]: [lavender0810: Killed lavender0810]
[18:23:27] [Server thread/INFO]: Zero_LZ_822 fell out of the world
[18:23:27] [Server thread/INFO]: [Zero_LZ_822: Killed Zero_LZ_822]
[18:23:56] [Server thread/INFO]: [lavender0810: Successfully filled 432 blocks]
[18:24:09] [Server thread/INFO]: [lavender0810: Successfully filled 2592 blocks]
[18:24:11] [Server thread/INFO]: [lavender0810: Set own game mode to Spectator Mode]
[18:24:15] [Server thread/INFO]: [lavender0810: Set own game mode to Creative Mode]
[18:24:40] [Server thread/INFO]: <Zero_LZ_822> 187 75 -146
[18:25:34] [Server thread/INFO]: [lavender0810: Killed 34 entities]
[18:27:20] [Server thread/INFO]: [lavender0810: Killed 20 entities]
[18:28:01] [Server thread/INFO]: [lavender0810: Killed 9 entities]
[18:28:38] [Server thread/INFO]: Zero_LZ_822 fell out of the world
[18:28:38] [Server thread/INFO]: [Zero_LZ_822: Killed Zero_LZ_822]
[18:30:47] [Server thread/INFO]: <Zero_LZ_822> -41 139 13
[18:31:31] [Server thread/INFO]: [lavender0810: Killed 10 entities]
[18:31:35] [Server thread/INFO]: lavender0810 fell out of the world
[18:31:35] [Server thread/INFO]: [lavender0810: Killed lavender0810]
[18:34:14] [Server thread/INFO]: lavender0810 fell out of the world
[18:34:14] [Server thread/INFO]: [lavender0810: Killed lavender0810]
[18:34:19] [Server thread/INFO]: <Zero_LZ_822> -35 129 11
[18:37:25] [Server thread/WARN]: Zero_LZ_822 moved too quickly! -6.750259996103324,0.0,8.544077902392672
[18:37:53] [Server thread/INFO]: [lavender0810: Set own game mode to Spectator Mode]
[18:38:19] [Server thread/INFO]: <Zero_LZ_822> -330 65 346
[18:38:27] [Server thread/INFO]: Zero_LZ_822 fell out of the world
[18:38:27] [Server thread/INFO]: [Zero_LZ_822: Killed Zero_LZ_822]
[18:38:37] [Server thread/INFO]: [lavender0810: Set own game mode to Creative Mode]
[18:40:07] [Server thread/INFO]: <Zero_LZ_822> -62 84 -1
[18:40:48] [Server thread/INFO]: [Zero_LZ_822: Teleported lavender0810 to Zero_LZ_822]
[18:43:01] [Server thread/INFO]: [lavender0810: Set own game mode to Spectator Mode]
[18:43:03] [Server thread/INFO]: [lavender0810: Set own game mode to Creative Mode]
[18:44:35] [Server thread/INFO]: [lavender0810: Set own game mode to Spectator Mode]
[18:44:38] [Server thread/INFO]: [lavender0810: Set own game mode to Creative Mode]
[18:44:41] [Server thread/INFO]: [lavender0810: Set own game mode to Spectator Mode]
[18:44:45] [Server thread/INFO]: [lavender0810: Set own game mode to Creative Mode]
[18:45:01] [Server thread/INFO]: <Zero_LZ_822> -42 130 10
[18:46:40] [Server thread/INFO]: [lavender0810: Set own game mode to Spectator Mode]
[18:46:45] [Server thread/INFO]: [lavender0810: Set own game mode to Creative Mode]
[18:46:50] [Server thread/INFO]: [lavender0810: Set own game mode to Spectator Mode]
[18:46:52] [Server thread/INFO]: [lavender0810: Set own game mode to Creative Mode]
[18:47:25] [Server thread/WARN]: Zero_LZ_822 moved too quickly! -6.984314325159566,3.7500001490100203,6.311150895799354
[18:48:54] [Server thread/INFO]: [Zero_LZ_822: Teleported Zero_LZ_822 to lavender0810]
[18:49:16] [Server thread/INFO]: [Zero_LZ_822: Teleported Zero_LZ_822 to -0.5, -1.0, -0.5]
[18:49:28] [Server thread/INFO]: Zero_LZ_822 fell out of the world
[18:49:28] [Server thread/INFO]: [Zero_LZ_822: Killed Zero_LZ_822]
[18:49:36] [Server thread/INFO]: [Zero_LZ_822: Teleported Zero_LZ_822 to lavender0810]
[18:50:00] [Server thread/INFO]: [lavender0810: Changed the block at -66, 12, -12]
[18:50:00] [Server thread/INFO]: lavender0810 has made the advancement [The End?]
[18:50:02] [Server thread/INFO]: Scanning for legacy world dragon fight...
[18:50:02] [Server thread/INFO]: Found that the dragon has not yet been killed in this world.
[18:50:03] [Server thread/WARN]: Zero_LZ_822 moved too quickly! -10.749511941592743,0.0,-1.7252927788546017
[18:50:03] [Server thread/WARN]: Can't keep up! Is the server overloaded? Running 2307ms or 46 ticks behind
[18:50:03] [Server thread/INFO]: lavender0810 fell out of the world
[18:50:03] [Server thread/INFO]: [lavender0810: Killed lavender0810]
[18:50:51] [Server thread/INFO]: <Zero_LZ_822> -330 63 -88
[18:50:53] [Server thread/INFO]: [lavender0810: Set own game mode to Survival Mode]
[18:50:57] [Server thread/INFO]: lavender0810 fell from a high place
[18:50:59] [Server thread/INFO]: Zero_LZ_822 fell out of the world
[18:50:59] [Server thread/INFO]: [Zero_LZ_822: Killed Zero_LZ_822]
[18:51:02] [Server thread/INFO]: [lavender0810: Set own game mode to Creative Mode]
[18:53:01] [Server thread/INFO]: [lavender0810: Successfully filled 51 blocks]
[18:53:17] [Server thread/INFO]: [lavender0810: Successfully filled 50 blocks]
[18:53:24] [Server thread/INFO]: [lavender0810: Successfully filled 50 blocks]
[18:53:31] [Server thread/INFO]: [lavender0810: Successfully filled 50 blocks]
[18:53:38] [Server thread/INFO]: [lavender0810: Successfully filled 50 blocks]
[18:53:50] [Server thread/INFO]: [lavender0810: Successfully filled 100 blocks]
[18:53:55] [Server thread/INFO]: Zero_LZ_822 has made the advancement [The End?]
[18:53:55] [Server thread/INFO]: [Zero_LZ_822: Teleported Zero_LZ_822 to lavender0810]
[18:54:01] [Server thread/INFO]: [lavender0810: Successfully filled 100 blocks]
[18:54:08] [Server thread/INFO]: [lavender0810: Successfully filled 100 blocks]
[18:54:19] [Server thread/INFO]: [lavender0810: Successfully filled 200 blocks]
[18:54:38] [Server thread/INFO]: [Zero_LZ_822: Set own game mode to Spectator Mode]
[18:54:40] [Server thread/INFO]: [lavender0810: Successfully filled 99 blocks]
[18:55:00] [Server thread/INFO]: [lavender0810: Successfully filled 100 blocks]
[18:55:18] [Server thread/INFO]: [lavender0810: Successfully filled 99 blocks]
[18:55:45] [Server thread/INFO]: [lavender0810: Successfully filled 100 blocks]
[18:55:55] [Server thread/INFO]: [lavender0810: Successfully filled 99 blocks]
[18:56:04] [Server thread/INFO]: [lavender0810: Successfully filled 99 blocks]
[18:56:20] [Server thread/INFO]: [lavender0810: Successfully filled 101 blocks]
[18:56:25] [Server thread/INFO]: [lavender0810: Successfully filled 101 blocks]
[18:56:28] [Server thread/INFO]: [lavender0810: Successfully filled 101 blocks]
[18:56:31] [Server thread/INFO]: [lavender0810: Successfully filled 101 blocks]
[18:56:34] [Server thread/INFO]: [lavender0810: Successfully filled 101 blocks]
[18:56:41] [Server thread/INFO]: [lavender0810: Successfully filled 100 blocks]
[18:56:48] [Server thread/INFO]: [lavender0810: Successfully filled 100 blocks]
[18:56:54] [Server thread/INFO]: Zero_LZ_822 has made the advancement [The City at the End of the Game]
[18:57:02] [Server thread/INFO]: lavender0810 has made the advancement [The City at the End of the Game]
[18:57:04] [Server thread/INFO]: [Zero_LZ_822: Set own game mode to Creative Mode]
[18:57:28] [Server thread/WARN]: lavender0810 moved too quickly! 6.010944317422627,0.9662400383949148,-8.448710756119567
[18:57:40] [Server thread/INFO]: lavender0810 fell out of the world
[18:57:40] [Server thread/INFO]: [lavender0810: Killed lavender0810]
[18:58:36] [Server thread/INFO]: [Zero_LZ_822: Teleported Zero_LZ_822 to -329.5, 63.0, -87.5]
[18:58:41] [Server thread/INFO]: Zero_LZ_822 fell out of the world
[18:58:41] [Server thread/INFO]: [Zero_LZ_822: Killed Zero_LZ_822]
[18:58:45] [Server thread/INFO]: [Zero_LZ_822: Teleported Zero_LZ_822 to -329.5, 63.0, -87.5]
[18:59:07] [Server thread/INFO]: Zero_LZ_822 fell out of the world
[18:59:07] [Server thread/INFO]: [Zero_LZ_822: Killed Zero_LZ_822]
[18:59:58] [Server thread/WARN]: Fetching packet for removed entity bcv['Dirt'/6375, l='ServerLevel[world]', x=-130.39, y=72.61, z=-12.29]
[18:59:58] [Server thread/WARN]: Fetching packet for removed entity bcv['Cobblestone'/6376, l='ServerLevel[world]', x=-130.45, y=72.38, z=-9.27]
[18:59:58] [Server thread/WARN]: Fetching packet for removed entity bcv['Diorite'/6377, l='ServerLevel[world]', x=-130.50, y=74.52, z=-11.75]
[18:59:58] [Server thread/WARN]: Fetching packet for removed entity bcv['Coal'/6378, l='ServerLevel[world]', x=-131.57, y=70.55, z=-9.33]
[18:59:58] [Server thread/WARN]: Fetching packet for removed entity bcv['Tripwire Hook'/6379, l='ServerLevel[world]', x=-133.54, y=77.51, z=-11.41]
[18:59:58] [Server thread/WARN]: Fetching packet for removed entity bcv['Cobblestone'/6381, l='ServerLevel[world]', x=-134.42, y=70.53, z=-9.25]
[18:59:58] [Server thread/WARN]: Fetching packet for removed entity bcv['Cobblestone'/6382, l='ServerLevel[world]', x=-132.46, y=72.39, z=-6.63]
[18:59:58] [Server thread/WARN]: Fetching packet for removed entity bcv['Dirt'/6383, l='ServerLevel[world]', x=-128.26, y=74.41, z=-9.33]
[18:59:58] [Server thread/WARN]: Fetching packet for removed entity bcv['Cobblestone'/6385, l='ServerLevel[world]', x=-130.30, y=70.68, z=-8.44]
[18:59:58] [Server thread/WARN]: Fetching packet for removed entity bcv['Andesite'/6386, l='ServerLevel[world]', x=-131.43, y=77.33, z=-7.41]
[18:59:58] [Server thread/WARN]: Fetching packet for removed entity bcv['Granite'/6387, l='ServerLevel[world]', x=-134.30, y=74.51, z=-5.59]
[18:59:58] [Server thread/WARN]: Fetching packet for removed entity bcv['Cobblestone'/6388, l='ServerLevel[world]', x=-129.26, y=71.68, z=-8.68]
[18:59:58] [Server thread/WARN]: Fetching packet for removed entity bcv['Cobblestone'/6390, l='ServerLevel[world]', x=-132.36, y=73.69, z=-5.33]
[18:59:59] [Server thread/WARN]: Fetching packet for removed entity bcv['Cobblestone'/6432, l='ServerLevel[world]', x=-131.50, y=78.29, z=-7.72]
[18:59:59] [Server thread/WARN]: Fetching packet for removed entity bcv['Andesite'/6433, l='ServerLevel[world]', x=-132.63, y=76.40, z=-5.26]
[18:59:59] [Server thread/WARN]: Fetching packet for removed entity bcv['Cobblestone'/6435, l='ServerLevel[world]', x=-137.41, y=73.43, z=-8.45]
[18:59:59] [Server thread/WARN]: Fetching packet for removed entity bcv['Granite'/6436, l='ServerLevel[world]', x=-136.54, y=74.42, z=-4.55]
[18:59:59] [Server thread/WARN]: Fetching packet for removed entity bcv['Andesite'/6437, l='ServerLevel[world]', x=-133.41, y=77.72, z=-5.75]
[18:59:59] [Server thread/WARN]: Fetching packet for removed entity bcv['Stick'/6454, l='ServerLevel[world]', x=-135.58, y=71.41, z=-24.58]
[18:59:59] [Server thread/WARN]: Fetching packet for removed entity bcv['Apple'/6458, l='ServerLevel[world]', x=-139.37, y=70.65, z=-21.47]
[18:59:59] [Server thread/WARN]: Fetching packet for removed entity bcv['Oak Sapling'/6466, l='ServerLevel[world]', x=-112.41, y=67.71, z=-30.34]
[18:59:59] [Server thread/WARN]: Fetching packet for removed entity bcv['Oak Sapling'/6466, l='ServerLevel[world]', x=-112.41, y=67.71, z=-30.34]
[18:59:59] [Server thread/WARN]: Fetching packet for removed entity bcv['Apple'/6467, l='ServerLevel[world]', x=-108.41, y=66.57, z=-34.34]
[18:59:59] [Server thread/WARN]: Fetching packet for removed entity bcv['Apple'/6467, l='ServerLevel[world]', x=-108.41, y=66.57, z=-34.34]
[18:59:59] [Server thread/WARN]: Fetching packet for removed entity bcv['Birch Sapling'/6468, l='ServerLevel[world]', x=-104.67, y=67.74, z=-26.71]
[18:59:59] [Server thread/WARN]: Fetching packet for removed entity bcv['Oak Log'/6469, l='ServerLevel[world]', x=-110.67, y=66.72, z=-29.35]
[18:59:59] [Server thread/WARN]: Fetching packet for removed entity bcv['Oak Log'/6469, l='ServerLevel[world]', x=-110.67, y=66.72, z=-29.35]
[18:59:59] [Server thread/WARN]: Fetching packet for removed entity bcv['Cobblestone'/6472, l='ServerLevel[world]', x=-133.59, y=75.53, z=-2.27]
[18:59:59] [Server thread/WARN]: Fetching packet for removed entity bcv['Cobblestone'/6474, l='ServerLevel[world]', x=-130.35, y=76.55, z=-4.44]
[18:59:59] [Server thread/WARN]: Fetching packet for removed entity bcv['Cobblestone'/6475, l='ServerLevel[world]', x=-130.65, y=72.67, z=-3.54]
[19:01:56] [Server thread/INFO]: <Zero_LZ_822> -144 63 174
[19:02:20] [Server thread/INFO]: [lavender0810: Saved the game]
[19:02:20] [Server thread/WARN]: Can't keep up! Is the server overloaded? Running 2224ms or 44 ticks behind
[19:02:20] [Server thread/WARN]: Zero_LZ_822 moved too quickly! -3.0806065022115376,0.0,-10.05116696633224
[19:02:20] [Server thread/WARN]: lavender0810 moved too quickly! 1.5770477772121438,2.505466059596671,-9.959741848999698
[19:02:54] [Server thread/INFO]: lavender0810 fell out of the world
[19:02:54] [Server thread/INFO]: [lavender0810: Killed lavender0810]
[19:02:57] [Server thread/INFO]: Zero_LZ_822 has made the advancement [Stone Age]
[19:03:36] [Server thread/INFO]: <Zero_LZ_822> -46 83 44
[19:04:45] [Server thread/INFO]: [lavender0810: Set own game mode to Survival Mode]
[19:04:49] [Server thread/INFO]: lavender0810 fell from a high place
[19:04:50] [Server thread/INFO]: [Zero_LZ_822: Set own game mode to Spectator Mode]
[19:04:53] [Server thread/INFO]: [lavender0810: Set own game mode to Creative Mode]
[19:04:55] [Server thread/INFO]: [lavender0810: Set own game mode to Spectator Mode]
[19:05:04] [Server thread/INFO]: [lavender0810: Set own game mode to Creative Mode]
[19:05:11] [Server thread/INFO]: [Zero_LZ_822: Set own game mode to Creative Mode]
[19:05:11] [Server thread/INFO]: [lavender0810: Set own game mode to Spectator Mode]
[19:05:15] [Server thread/INFO]: [lavender0810: Set own game mode to Survival Mode]
[19:05:22] [Server thread/INFO]: lavender0810 fell from a high place
[19:05:29] [Server thread/INFO]: [lavender0810: Set own game mode to Creative Mode]
[19:05:40] [Server thread/INFO]: [lavender0810: Changed the block at -66, 62, -12]
[19:05:42] [Server thread/INFO]: Zero_LZ_822 has made the advancement [Ice Bucket Challenge]
[19:05:43] [Server thread/INFO]: lavender0810 fell out of the world
[19:05:43] [Server thread/INFO]: [lavender0810: Killed lavender0810]
[19:05:47] [Server thread/INFO]: [lavender0810: Set own game mode to Survival Mode]
[19:06:02] [Server thread/INFO]: Zero_LZ_822 fell out of the world
[19:06:02] [Server thread/INFO]: [Zero_LZ_822: Killed Zero_LZ_822]
[19:06:09] [Server thread/INFO]: lavender0810 fell out of the world
[19:06:09] [Server thread/INFO]: [lavender0810: Killed lavender0810]
[19:06:16] [Server thread/INFO]: [lavender0810: Set Zero_LZ_822's game mode to Survival Mode]
[19:06:23] [Server thread/INFO]: [Zero_LZ_822: Removed 72 items from player Zero_LZ_822]
[19:06:28] [Server thread/INFO]: [lavender0810: Made Zero_LZ_822 no longer a server operator]
[19:06:38] [Server thread/INFO]: Zero_LZ_822 fell out of the world
[19:06:38] [Server thread/INFO]: lavender0810 fell out of the world
[19:06:38] [Server thread/INFO]: [lavender0810: Killed 2 entities]
[19:06:45] [Server thread/INFO]: [lavender0810: Gamerule keepInventory is now set to: true]
[19:06:50] [Server thread/INFO]: [lavender0810: Gamerule doMobSpawning is now set to: true]
[19:06:55] [Server thread/INFO]: [lavender0810: Gamerule doDaylightCycle is now set to: true]
[19:07:01] [Server thread/INFO]: [lavender0810: Gamerule doWeatherCycle is now set to: true]
[19:07:45] [Server thread/WARN]: Mismatch in destroy block pos: fx{x=0, y=0, z=0} fx{x=-74, y=68, z=16}
[19:13:29] [Server thread/WARN]: Mismatch in destroy block pos: fx{x=-74, y=65, z=-17} fx{x=-90, y=69, z=-8}
[19:13:57] [Server thread/INFO]: lavender0810 has made the advancement [Monster Hunter]
[19:15:38] [Server thread/INFO]: lavender0810 was blown up by Creeper
[19:15:59] [Server thread/INFO]: [lavender0810: Gamerule keepInventory is now set to: false]
[19:19:41] [Server thread/INFO]: lavender0810 has made the advancement [Stone Age]
[19:21:37] [Server thread/INFO]: lavender0810 was slain by Enderman
[19:21:42] [Server thread/WARN]: Fetching packet for removed entity bcv['Dirt'/9199, l='ServerLevel[world]', x=-34.92, y=114.45, z=19.31]
[19:21:57] [Server thread/INFO]: lavender0810 went up in flames
[19:23:19] [Server thread/INFO]: Zero_LZ_822 lost connection: Disconnected
[19:23:19] [Server thread/INFO]: Zero_LZ_822 left the game
[19:23:36] [Server thread/INFO]: lavender0810 was killed by Ender Dragon using magic
[19:23:40] [Server thread/INFO]: lavender0810 lost connection: Disconnected
[19:23:40] [Server thread/INFO]: lavender0810 left the game
[19:26:38] [User Authenticator #3/INFO]: UUID of player lavender0810 is 5f45eb8f-b3d1-4683-b22d-b998acf63d7e
[19:26:38] [Server thread/INFO]: lavender0810[/1.34.43.184:56211] logged in with entity id 9580 at (-0.3000000119209257, 62.0, 0.4522032827717192)
[19:26:38] [Server thread/INFO]: lavender0810 joined the game
[19:27:34] [Server thread/INFO]: [lavender0810: Added lavender0810 to the whitelist]
[19:27:41] [Server thread/INFO]: [lavender0810: Made lavender0810 no longer a server operator]
[19:27:50] [Server thread/INFO]: lavender0810 lost connection: Disconnected
[19:27:50] [Server thread/INFO]: lavender0810 left the game
[20:01:25] [User Authenticator #4/INFO]: UUID of player lavender0810 is 5f45eb8f-b3d1-4683-b22d-b998acf63d7e
[20:01:25] [Server thread/INFO]: lavender0810[/1.34.43.184:56465] logged in with entity id 9816 at (-83.02408834874028, 73.0, 4.534612294198855)
[20:01:25] [Server thread/INFO]: lavender0810 joined the game
[20:02:30] [Server thread/INFO]: Incorrect argument for command
[20:02:30] [Server thread/INFO]: /effect lavender0810 resistance 300<--[HERE]
[20:02:34] [Server thread/INFO]: Incorrect argument for command
[20:02:34] [Server thread/INFO]: /effect lavender0810 resistance 300<--[HERE]
[20:02:40] [Server thread/INFO]: Incorrect argument for command
[20:02:40] [Server thread/INFO]: /effect lavender0810 resistance<--[HERE]
[20:03:16] [Server thread/INFO]: No entity was found
[20:03:54] [Server thread/INFO]: Applied effect Resistance to lavender0810
[20:04:41] [Server thread/INFO]: Incorrect argument for command
[20:04:41] [Server thread/INFO]: /effect lavender0810 minecraft:resistance 1000 5<--[HERE]
[20:05:41] [Server thread/INFO]: Applied effect Resistance to lavender0810
[20:06:33] [Server thread/INFO]: Applied effect Resistance to lavender0810
[20:07:09] [Server thread/INFO]: lavender0810 lost connection: Disconnected
[20:07:09] [Server thread/INFO]: lavender0810 left the game
