[11:39:24] [main/INFO]: Environment: authHost='https://authserver.mojang.com', accountsHost='https://api.mojang.com', sessionHost='https://sessionserver.mojang.com', servicesHost='https://api.minecraftservices.com', name='PROD'
[11:39:25] [main/WARN]: Ambiguity between arguments [teleport, destination] and [teleport, targets] with inputs: [Player, 0123, @e, dd12be42-52a9-4a91-a8a1-11c01849e498]
[11:39:25] [main/WARN]: Ambiguity between arguments [teleport, location] and [teleport, destination] with inputs: [0.1 -0.5 .9, 0 0 0]
[11:39:25] [main/WARN]: Ambiguity between arguments [teleport, location] and [teleport, targets] with inputs: [0.1 -0.5 .9, 0 0 0]
[11:39:25] [main/WARN]: Ambiguity between arguments [teleport, targets] and [teleport, destination] with inputs: [Player, 0123, dd12be42-52a9-4a91-a8a1-11c01849e498]
[11:39:25] [main/WARN]: Ambiguity between arguments [teleport, targets, location] and [teleport, targets, destination] with inputs: [0.1 -0.5 .9, 0 0 0]
[11:39:25] [main/INFO]: Reloading ResourceManager: Default
[11:39:26] [Worker-Main-13/INFO]: Loaded 7 recipes
[11:39:26] [Worker-Main-13/INFO]: Loaded 927 advancements
[11:39:28] [Server thread/INFO]: Starting minecraft server version 1.16.5
[11:39:28] [Server thread/INFO]: Loading properties
[11:39:28] [Server thread/INFO]: Default game type: SURVIVAL
[11:39:28] [Server thread/INFO]: Generating keypair
[11:39:29] [Server thread/INFO]: Starting Minecraft server on 0.0.0.0:25565
[11:39:29] [Server thread/INFO]: Using epoll channel type
[11:39:29] [Server thread/INFO]: Preparing level "world"
[11:39:29] [Server thread/INFO]: Preparing start region for dimension minecraft:overworld
[11:39:32] [Server thread/INFO]: Preparing spawn area: 0%
[11:39:32] [Server thread/INFO]: Preparing spawn area: 0%
[11:39:32] [Server thread/INFO]: Preparing spawn area: 0%
[11:39:32] [Server thread/INFO]: Preparing spawn area: 0%
[11:39:32] [Server thread/INFO]: Preparing spawn area: 0%
[11:39:32] [Server thread/INFO]: Preparing spawn area: 0%
[11:39:32] [Server thread/INFO]: Preparing spawn area: 17%
[11:39:38] [Worker-Main-11/INFO]: Preparing spawn area: 83%
[11:39:38] [Worker-Main-13/INFO]: Preparing spawn area: 83%
[11:39:38] [Worker-Main-14/INFO]: Preparing spawn area: 83%
[11:39:38] [Worker-Main-14/INFO]: Preparing spawn area: 83%
[11:39:38] [Worker-Main-14/INFO]: Preparing spawn area: 83%
[11:39:38] [Worker-Main-14/INFO]: Preparing spawn area: 83%
[11:39:38] [Worker-Main-14/INFO]: Preparing spawn area: 83%
[11:39:38] [Worker-Main-14/INFO]: Preparing spawn area: 83%
[11:39:38] [Worker-Main-8/INFO]: Preparing spawn area: 83%
[11:39:38] [Worker-Main-8/INFO]: Preparing spawn area: 83%
[11:39:38] [Worker-Main-10/INFO]: Preparing spawn area: 83%
[11:39:38] [Worker-Main-10/INFO]: Preparing spawn area: 83%
[11:39:40] [Worker-Main-9/INFO]: Preparing spawn area: 83%
[11:39:40] [Worker-Main-11/INFO]: Preparing spawn area: 83%
[11:39:40] [Worker-Main-9/INFO]: Preparing spawn area: 83%
[11:39:40] [Worker-Main-14/INFO]: Preparing spawn area: 83%
[11:39:41] [Worker-Main-12/INFO]: Preparing spawn area: 83%
[11:39:41] [Worker-Main-11/INFO]: Preparing spawn area: 83%
[11:39:42] [Server thread/INFO]: Preparing spawn area: 83%
[11:39:42] [Worker-Main-13/INFO]: Preparing spawn area: 84%
[11:39:43] [Worker-Main-13/INFO]: Preparing spawn area: 86%
[11:39:43] [Server thread/INFO]: Preparing spawn area: 89%
[11:39:44] [Worker-Main-8/INFO]: Preparing spawn area: 92%
[11:39:44] [Worker-Main-13/INFO]: Preparing spawn area: 93%
[11:39:45] [Worker-Main-12/INFO]: Preparing spawn area: 98%
[11:39:45] [Server thread/INFO]: Time elapsed: 15814 ms
[11:39:45] [Server thread/INFO]: Done (15.922s)! For help, type "help"
[11:39:45] [Server thread/INFO]: Starting GS4 status listener
[11:39:45] [Server thread/INFO]: Thread Query Listener started
[11:39:45] [Query Listener #1/INFO]: Query running on 0.0.0.0:25565
[11:39:59] [User Authenticator #1/INFO]: UUID of player mignon0923 is c93a7158-d0dd-4d95-85f3-d79ab5155f60
[11:40:00] [Server thread/INFO]: mignon0923[/1.34.43.184:42442] logged in with entity id 151 at (-263.5, 66.0, -182.5)
[11:40:00] [Server thread/INFO]: mignon0923 joined the game
[11:40:45] [Server thread/INFO]: Made mignon0923 a server operator
[11:51:08] [Server thread/WARN]: Fetching packet for removed entity bcv['Air'/1233, l='ServerLevel[world]', x=-219.23, y=68.00, z=-165.50]
[12:16:28] [Server thread/INFO]: mignon0923 was slain by Zombie
[12:17:25] [Server thread/INFO]: mignon0923 lost connection: Disconnected
[12:17:25] [Server thread/INFO]: mignon0923 left the game
[13:40:05] [User Authenticator #2/INFO]: UUID of player mignon0923 is c93a7158-d0dd-4d95-85f3-d79ab5155f60
[13:40:05] [Server thread/INFO]: mignon0923[/1.34.43.184:42990] logged in with entity id 3141 at (-246.30000001192096, 63.0, -176.30000001192093)
[13:40:05] [Server thread/INFO]: mignon0923 joined the game
[13:41:20] [Server thread/INFO]: <mignon0923> hi
[13:41:30] [Server thread/INFO]: mignon0923 lost connection: Disconnected
[13:41:30] [Server thread/INFO]: mignon0923 left the game
[13:41:36] [User Authenticator #3/INFO]: UUID of player mignon0923 is c93a7158-d0dd-4d95-85f3-d79ab5155f60
[13:41:36] [Server thread/INFO]: mignon0923[/1.34.43.184:43176] logged in with entity id 3269 at (-251.5, 63.0, -170.5)
[13:41:36] [Server thread/INFO]: mignon0923 joined the game
[13:41:48] [Server thread/INFO]: <mignon0923> hi
[13:41:57] [Server thread/INFO]: <mignon0923> hi
[13:42:10] [Server thread/INFO]: <mignon0923> hi
[13:42:21] [Server thread/INFO]: <mignon0923> hi
[13:46:16] [Server thread/INFO]: mignon0923 lost connection: Disconnected
[13:46:16] [Server thread/INFO]: mignon0923 left the game
[13:49:33] [User Authenticator #4/INFO]: UUID of player mignon0923 is c93a7158-d0dd-4d95-85f3-d79ab5155f60
[13:49:33] [Server thread/INFO]: mignon0923[/1.34.43.184:44093] logged in with entity id 3631 at (-251.5, 63.0, -170.5)
[13:49:33] [Server thread/INFO]: mignon0923 joined the game
[13:49:39] [Server thread/INFO]: <mignon0923> hi
[13:50:10] [Server thread/INFO]: mignon0923 lost connection: Disconnected
[13:50:10] [Server thread/INFO]: mignon0923 left the game
[14:33:20] [User Authenticator #5/INFO]: UUID of player mignon0923 is c93a7158-d0dd-4d95-85f3-d79ab5155f60
[14:33:20] [Server thread/INFO]: mignon0923[/1.34.43.184:40984] logged in with entity id 3703 at (-251.5, 63.0, -170.5)
[14:33:20] [Server thread/INFO]: mignon0923 joined the game
[14:33:52] [Server thread/INFO]: [mignon0923: Set own game mode to Creative Mode]
[14:35:39] [Server thread/INFO]: [mignon0923: Set the time to 1000]
[14:35:57] [Server thread/INFO]: [mignon0923: Set the time to 1000]
[14:39:15] [Server thread/INFO]: Unknown item 'minecraft:'
[14:39:15] [Server thread/INFO]: ...ignon0923 I love you<--[HERE]
[14:44:45] [Server thread/INFO]: [mignon0923: Gamerule keepInventory is now set to: true]
[14:47:53] [Server thread/INFO]: [mignon0923: Applied effect Resistance to mignon0923]
[14:49:40] [Server thread/INFO]: [mignon0923: Gamerule forgiveDeadPlayers is now set to: false]
[14:49:43] [Server thread/INFO]: [mignon0923: Set own game mode to Adventure Mode]
[14:49:44] [Server thread/INFO]: [mignon0923: Set own game mode to Creative Mode]
[14:49:50] [Server thread/INFO]: [mignon0923: Set own game mode to Survival Mode]
[14:49:54] [Server thread/INFO]: [mignon0923: Set own game mode to Creative Mode]
[14:49:56] [Server thread/INFO]: [mignon0923: Removed every effect from mignon0923]
[14:50:05] [Server thread/INFO]: [mignon0923: Set own game mode to Survival Mode]
[14:50:07] [Server thread/INFO]: mignon0923 fell from a high place
[14:50:15] [Server thread/INFO]: [mignon0923: Set own game mode to Creative Mode]
[14:50:20] [Server thread/INFO]: [mignon0923: Set the time to 1000]
[15:01:40] [Server thread/INFO]: [mignon0923: Applied effect Resistance to mignon0923]
[15:01:47] [Server thread/INFO]: [mignon0923: Set the time to 1000]
[15:10:52] [Server thread/INFO]: mignon0923 lost connection: Timed out
[15:10:52] [Server thread/INFO]: mignon0923 left the game
[15:10:52] [Server thread/WARN]: handleDisconnection() called twice
[18:34:50] [User Authenticator #6/INFO]: UUID of player mignon0923 is c93a7158-d0dd-4d95-85f3-d79ab5155f60
[18:34:50] [Server thread/INFO]: mignon0923[/1.34.43.184:46647] logged in with entity id 7689 at (-269.4198751589905, 75.8681355206574, -173.66517317586516)
[18:34:50] [Server thread/INFO]: mignon0923 joined the game
[18:37:35] [Server thread/INFO]: mignon0923 has made the advancement [Monster Hunter]
[18:39:05] [Server thread/INFO]: [mignon0923: Set the time to 1000]
[18:42:15] [User Authenticator #7/INFO]: UUID of player lavender0810 is 5f45eb8f-b3d1-4683-b22d-b998acf63d7e
[18:42:15] [Server thread/INFO]: lavender0810[/1.34.43.184:33290] logged in with entity id 8610 at (-248.5, 64.0, -181.5)
[18:42:15] [Server thread/INFO]: lavender0810 joined the game
[18:43:11] [Server thread/WARN]: Mismatch in destroy block pos: fx{x=0, y=0, z=0} fx{x=-240, y=63, z=-170}
[18:43:11] [Server thread/WARN]: Mismatch in destroy block pos: fx{x=0, y=0, z=0} fx{x=-241, y=64, z=-169}
[18:43:11] [Server thread/WARN]: Mismatch in destroy block pos: fx{x=0, y=0, z=0} fx{x=-241, y=63, z=-168}
[18:43:12] [Server thread/WARN]: Mismatch in destroy block pos: fx{x=0, y=0, z=0} fx{x=-242, y=65, z=-169}
[18:43:12] [Server thread/WARN]: Mismatch in destroy block pos: fx{x=0, y=0, z=0} fx{x=-241, y=64, z=-169}
[18:43:19] [Server thread/INFO]: Made lavender0810 a server operator
[18:43:21] [Server thread/INFO]: [lavender0810: Set own game mode to Creative Mode]
[18:43:27] [Server thread/INFO]: [lavender0810: Teleported lavender0810 to mignon0923]
[18:43:34] [Server thread/INFO]: [lavender0810: Set mignon0923's game mode to Survival Mode]
[18:43:36] [Server thread/INFO]: mignon0923 fell from a high place
[18:43:48] [Server thread/INFO]: [lavender0810: Teleported mignon0923 to lavender0810]
[18:44:02] [Server thread/INFO]: mignon0923 was slain by lavender0810
[18:44:59] [Server thread/INFO]: lavender0810 fell out of the world
[18:44:59] [Server thread/INFO]: [lavender0810: Killed lavender0810]
[18:45:12] [Server thread/INFO]: [lavender0810: Set own game mode to Survival Mode]
[18:45:22] [Server thread/INFO]: [lavender0810: Made lavender0810 no longer a server operator]
[18:45:24] [Server thread/WARN]: Mismatch in destroy block pos: fx{x=-257, y=64, z=-171} fx{x=-260, y=65, z=-171}
[18:45:34] [Server thread/WARN]: Mismatch in destroy block pos: fx{x=-257, y=64, z=-171} fx{x=-259, y=65, z=-172}
[18:45:37] [Server thread/WARN]: Mismatch in destroy block pos: fx{x=-257, y=64, z=-171} fx{x=-260, y=65, z=-172}
[18:45:38] [Server thread/WARN]: Mismatch in destroy block pos: fx{x=-257, y=64, z=-171} fx{x=-261, y=65, z=-173}
[18:45:39] [Server thread/WARN]: Mismatch in destroy block pos: fx{x=-257, y=64, z=-171} fx{x=-262, y=65, z=-174}
[18:45:40] [Server thread/WARN]: Mismatch in destroy block pos: fx{x=-257, y=64, z=-171} fx{x=-262, y=65, z=-174}
[18:45:41] [Server thread/WARN]: Mismatch in destroy block pos: fx{x=-257, y=64, z=-171} fx{x=-264, y=65, z=-174}
[18:45:42] [Server thread/WARN]: Mismatch in destroy block pos: fx{x=-257, y=64, z=-171} fx{x=-264, y=65, z=-175}
[18:45:42] [Server thread/WARN]: Mismatch in destroy block pos: fx{x=-257, y=64, z=-171} fx{x=-263, y=65, z=-175}
[18:45:42] [Server thread/WARN]: Mismatch in destroy block pos: fx{x=-257, y=64, z=-171} fx{x=-264, y=65, z=-175}
[18:45:42] [Server thread/WARN]: Mismatch in destroy block pos: fx{x=-257, y=64, z=-171} fx{x=-264, y=65, z=-176}
[18:45:42] [Server thread/WARN]: Mismatch in destroy block pos: fx{x=-257, y=64, z=-171} fx{x=-264, y=65, z=-175}
[18:45:43] [Server thread/WARN]: Mismatch in destroy block pos: fx{x=-257, y=64, z=-171} fx{x=-263, y=65, z=-176}
[18:45:44] [Server thread/WARN]: Mismatch in destroy block pos: fx{x=-257, y=64, z=-171} fx{x=-264, y=65, z=-174}
[18:45:44] [Server thread/WARN]: Mismatch in destroy block pos: fx{x=-257, y=64, z=-171} fx{x=-263, y=65, z=-174}
[18:45:44] [Server thread/WARN]: Mismatch in destroy block pos: fx{x=-257, y=64, z=-171} fx{x=-264, y=65, z=-174}
[18:45:44] [Server thread/WARN]: Mismatch in destroy block pos: fx{x=-257, y=64, z=-171} fx{x=-265, y=65, z=-175}
[18:45:45] [Server thread/WARN]: Mismatch in destroy block pos: fx{x=-257, y=64, z=-171} fx{x=-265, y=65, z=-174}
[18:45:45] [Server thread/WARN]: Mismatch in destroy block pos: fx{x=-257, y=64, z=-171} fx{x=-264, y=65, z=-174}
[18:45:47] [Server thread/WARN]: Mismatch in destroy block pos: fx{x=-257, y=64, z=-171} fx{x=-261, y=65, z=-171}
[18:45:52] [Server thread/WARN]: Mismatch in destroy block pos: fx{x=-257, y=64, z=-171} fx{x=-249, y=65, z=-167}
[18:45:54] [Server thread/WARN]: Mismatch in destroy block pos: fx{x=-257, y=64, z=-171} fx{x=-246, y=65, z=-167}
[18:45:54] [Server thread/WARN]: Mismatch in destroy block pos: fx{x=-257, y=64, z=-171} fx{x=-245, y=65, z=-167}
[18:45:54] [Server thread/WARN]: Mismatch in destroy block pos: fx{x=-257, y=64, z=-171} fx{x=-245, y=65, z=-166}
[18:45:54] [Server thread/WARN]: Mismatch in destroy block pos: fx{x=-257, y=64, z=-171} fx{x=-246, y=65, z=-166}
[18:47:18] [Server thread/INFO]: lavender0810 lost connection: Disconnected
[18:47:18] [Server thread/INFO]: lavender0810 left the game
[18:47:57] [Server thread/INFO]: [mignon0923: Set own game mode to Adventure Mode]
[18:48:27] [Server thread/INFO]: [mignon0923: Set own game mode to Creative Mode]
[18:50:12] [Server thread/WARN]: Fetching packet for removed entity bcv['Air'/9784, l='ServerLevel[world]', x=-262.55, y=89.00, z=-254.06]
